Started by user [8mha:////4JNY3FFhh2OodUf0dKXOAWoUo3kEtq6/vjmcRtappXKhAAAAlx+LCAAAAAAAAP9b85aBtbiIQTGjNKU4P08vOT+vOD8nVc83PyU1x6OyILUoJzMv2y+/JJUBAhiZGBgqihhk0NSjKDWzXb3RdlLBUSYGJk8GtpzUvPSSDB8G5tKinBIGIZ+sxLJE/ZzEvHT94JKizLx0a6BxUmjGOUNodHsLgAzWEgZu/dLi1CL9xJTczDwAj6GcLcAAAAA=[0madmin
[Sat Aug 31 16:51:24 UTC 2024] Starting branch indexing...
 > git --version # timeout=10
 > git --version # 'git version 2.39.2'
 > git ls-remote --symref -- https://github.com/lavishay-technion/jenkins_ansible.git # timeout=10
 > git rev-parse --resolve-git-dir /var/jenkins_home/caches/git-d4d84e042528e4e5d4d2180bedeb843b/.git # timeout=10
Setting origin to https://github.com/lavishay-technion/jenkins_ansible.git
 > git config remote.origin.url https://github.com/lavishay-technion/jenkins_ansible.git # timeout=10
Fetching & pruning origin...
Listing remote references...
 > git config --get remote.origin.url # timeout=10
 > git --version # timeout=10
 > git --version # 'git version 2.39.2'
 > git ls-remote -h -- https://github.com/lavishay-technion/jenkins_ansible.git # timeout=10
Fetching upstream changes from origin
 > git config --get remote.origin.url # timeout=10
 > git fetch --tags --force --progress --prune -- origin +refs/heads/*:refs/remotes/origin/* # timeout=10
Checking branches...
  Checking branch avishay
      ‘Jenkinsfile’ found
    Met criteria
Changes detected: avishay (6b07299de67edfdeea03ad005c989d6ad7700a0b → 37d685514aa24e683d8f8a6208f550dc0210a396)
Scheduled build for branch: avishay
  Checking branch backup
      ‘Jenkinsfile’ found
    Met criteria
Scheduled build for branch: backup
  Checking branch main
      ‘Jenkinsfile’ found
    Met criteria
Changes detected: main (957c90bf100dab6a772f0fe4cb33af94885f695b → fba56533af830f4da6c843b45eef83099d532092)
Scheduled build for branch: main
Processed 3 branches
[Sat Aug 31 16:51:30 UTC 2024] Finished branch indexing. Indexing took 5.7 sec
Finished: SUCCESS
