Started at Sat Sep 07 10:43:02 UTC 2024
Processing ansible_multibranch_pipeline/1_gathering_facts
Offering ansible_multibranch_pipeline/1_gathering_facts to Project Build Discarder
Processing ansible_multibranch_pipeline/2_ssh_key
Offering ansible_multibranch_pipeline/2_ssh_key to Project Build Discarder
Processing ansible_multibranch_pipeline/3_installations
Offering ansible_multibranch_pipeline/3_installations to Project Build Discarder
Processing ansible_multibranch_pipeline/change_docker_files_2_arm64
Offering ansible_multibranch_pipeline/change_docker_files_2_arm64 to Project Build Discarder
Finished at Sat Sep 07 10:43:02 UTC 2024. 2ms
Started at Sat Sep 07 11:43:02 UTC 2024
Processing ansible_multibranch_pipeline/1_gathering_facts
Offering ansible_multibranch_pipeline/1_gathering_facts to Project Build Discarder
Processing ansible_multibranch_pipeline/2_ssh_key
Offering ansible_multibranch_pipeline/2_ssh_key to Project Build Discarder
Processing ansible_multibranch_pipeline/3_installations
Offering ansible_multibranch_pipeline/3_installations to Project Build Discarder
Processing ansible_multibranch_pipeline/change_docker_files_2_arm64
Offering ansible_multibranch_pipeline/change_docker_files_2_arm64 to Project Build Discarder
Finished at Sat Sep 07 11:43:02 UTC 2024. 1ms
