Started at Fri Sep 06 18:00:49 UTC 2024
Checking MultiBranch_Pipeline_Ansible
Deleting /var/jenkins_home/workspace/ansible_multibranch_pipeline on Jenkins
Deleting /home/jenkins/workspace/ansible_multibranch_pipeline on worker1
Deleting /home/jenkins/workspace/ansible_multibranch_pipeline on worker2
Checking MultiBranch_Pipeline_Ansible » 1_gathering_facts
Deleting /var/jenkins_home/workspace/ranch_pipeline_1_gathering_facts on Jenkins
Deleting /home/jenkins/workspace/ranch_pipeline_1_gathering_facts on worker1
Deleting /home/jenkins/workspace/ranch_pipeline_1_gathering_facts on worker2
Checking MultiBranch_Pipeline_Ansible » 2_ssh_key
Deleting /var/jenkins_home/workspace/e_multibranch_pipeline_2_ssh_key on Jenkins
Deleting /home/jenkins/workspace/e_multibranch_pipeline_2_ssh_key on worker1
Deleting /home/jenkins/workspace/e_multibranch_pipeline_2_ssh_key on worker2
Checking MultiBranch_Pipeline_Ansible » 3_installations
Deleting /var/jenkins_home/workspace/ibranch_pipeline_3_installations on Jenkins
Deleting /home/jenkins/workspace/ibranch_pipeline_3_installations on worker1
Deleting /home/jenkins/workspace/ibranch_pipeline_3_installations on worker2
Checking MultiBranch_Pipeline_Ansible » change_docker_files_2_arm64
Deleting /var/jenkins_home/workspace/line_change_docker_files_2_arm64 on Jenkins
Deleting /home/jenkins/workspace/line_change_docker_files_2_arm64 on worker1
Deleting /home/jenkins/workspace/line_change_docker_files_2_arm64 on worker2
Finished at Fri Sep 06 18:00:49 UTC 2024. 227ms
